<?xml version="1.0" encoding="UTF-8"?>
<!-- Generated by org.testng.reporters.JUnitXMLReporter -->
<testsuite ignored="1" hostname="DESKTOP-8S3PTKP" failures="0" tests="4" name="Default test" time="0.084" errors="0" timestamp="2021-01-02T09:27:57 CET">
  <testcase classname="TestNG.RandomTests" name="expectedException_TestNG" time="0.012"/>
  <testcase classname="TestNG.RandomTests" name="timeOut_TestNG" time="0.011"/>
  <testcase classname="TestNG.DependencyTest" name="searchByCompanyName" time="0.002"/>
  <testcase classname="TestNG.DependencyTest" name="stopSearchByCompanyName" time="0.002"/>
  <testcase classname="TestNG.RandomTests" name="ignoreTest_TestNG" time="0.0">
    <ignored/>
  </testcase> <!-- ignoreTest_TestNG -->
</testsuite> <!-- Default test -->
