<?xml version="1.0" encoding="UTF-8"?>
<!-- Generated by org.testng.reporters.JUnitXMLReporter -->
<testsuite ignored="0" hostname="DESKTOP-86ARRG9" failures="0" tests="4" name="Default test" time="0.097" errors="0" timestamp="2021-01-01T17:49:35 CET">
  <testcase classname="TestNG.DataDriven" name="f" time="0.006"/>
  <testcase classname="TestNG.DataDriven" name="f" time="0.001"/>
  <testcase classname="TestNG.DataDriven" name="f" time="0.001"/>
  <testcase classname="TestNG.DataDriven" name="userLoginTest" time="0.0">
    <skipped/>
  </testcase> <!-- userLoginTest -->
</testsuite> <!-- Default test -->
