<?xml version="1.0" encoding="UTF-8"?>
<testng-results ignored="1" total="5" passed="4" failed="0" skipped="0">
  <reporter-output>
  </reporter-output>
  <suite started-at="2021-01-02T09:27:56 CET" name="Default suite" finished-at="2021-01-02T09:27:57 CET" duration-ms="84">
    <groups>
    </groups>
    <test started-at="2021-01-02T09:27:56 CET" name="Default test" finished-at="2021-01-02T09:27:57 CET" duration-ms="84">
      <class name="TestNG.RandomTests">
        <test-method signature="expectedException_TestNG()[pri:0, instance:TestNG.RandomTests@7671cb68]" started-at="2021-01-02T09:27:57 CET" name="expectedException_TestNG" finished-at="2021-01-02T09:27:57 CET" duration-ms="12" status="PASS">
          <exception class="java.lang.NumberFormatException">
            <message>
              <![CDATA[For input string: "one"]]>
            </message>
            <full-stacktrace>
              <![CDATA[java.lang.NumberFormatException: For input string: "one"
at java.base/java.lang.NumberFormatException.forInputString(NumberFormatException.java:68)
at java.base/java.lang.Integer.parseInt(Integer.java:652)
at java.base/java.lang.Integer.parseInt(Integer.java:770)
at TestNG.RandomTests.expectedException_TestNG(RandomTests.java:23)
at java.base/jdk.internal.reflect.NativeMethodAccessorImpl.invoke0(Native Method)
at java.base/jdk.internal.reflect.NativeMethodAccessorImpl.invoke(NativeMethodAccessorImpl.java:64)
at java.base/jdk.internal.reflect.DelegatingMethodAccessorImpl.invoke(DelegatingMethodAccessorImpl.java:43)
at java.base/java.lang.reflect.Method.invoke(Method.java:564)
at org.testng.internal.MethodInvocationHelper.invokeMethod(MethodInvocationHelper.java:132)
at org.testng.internal.TestInvoker.invokeMethod(TestInvoker.java:599)
at org.testng.internal.TestInvoker.invokeTestMethod(TestInvoker.java:174)
at org.testng.internal.MethodRunner.runInSequence(MethodRunner.java:46)
at org.testng.internal.TestInvoker$MethodInvocationAgent.invoke(TestInvoker.java:822)
at org.testng.internal.TestInvoker.invokeTestMethods(TestInvoker.java:147)
at org.testng.internal.TestMethodWorker.invokeTestMethods(TestMethodWorker.java:146)
at org.testng.internal.TestMethodWorker.run(TestMethodWorker.java:128)
at java.base/java.util.ArrayList.forEach(ArrayList.java:1511)
at org.testng.TestRunner.privateRun(TestRunner.java:764)
at org.testng.TestRunner.run(TestRunner.java:585)
at org.testng.SuiteRunner.runTest(SuiteRunner.java:384)
at org.testng.SuiteRunner.runSequentially(SuiteRunner.java:378)
at org.testng.SuiteRunner.privateRun(SuiteRunner.java:337)
at org.testng.SuiteRunner.run(SuiteRunner.java:286)
at org.testng.SuiteRunnerWorker.runSuite(SuiteRunnerWorker.java:53)
at org.testng.SuiteRunnerWorker.run(SuiteRunnerWorker.java:96)
at org.testng.TestNG.runSuitesSequentially(TestNG.java:1218)
at org.testng.TestNG.runSuitesLocally(TestNG.java:1140)
at org.testng.TestNG.runSuites(TestNG.java:1069)
at org.testng.TestNG.run(TestNG.java:1037)
at org.testng.remote.AbstractRemoteTestNG.run(AbstractRemoteTestNG.java:115)
at org.testng.remote.RemoteTestNG.initAndRun(RemoteTestNG.java:251)
at org.testng.remote.RemoteTestNG.main(RemoteTestNG.java:77)
]]>
            </full-stacktrace>
          </exception> <!-- java.lang.NumberFormatException -->
          <reporter-output>
          </reporter-output>
        </test-method> <!-- expectedException_TestNG -->
        <test-method signature="timeOut_TestNG()[pri:0, instance:TestNG.RandomTests@7671cb68]" started-at="2021-01-02T09:27:57 CET" name="timeOut_TestNG" finished-at="2021-01-02T09:27:57 CET" duration-ms="11" status="PASS">
          <reporter-output>
          </reporter-output>
        </test-method> <!-- timeOut_TestNG -->
      </class> <!-- TestNG.RandomTests -->
      <class name="TestNG.DependencyTest">
        <test-method is-config="true" signature="beforeClass()[pri:0, instance:TestNG.DependencyTest@49dc7102]" started-at="2021-01-02T09:27:57 CET" name="beforeClass" finished-at="2021-01-02T09:27:57 CET" duration-ms="2" status="PASS">
          <reporter-output>
          </reporter-output>
        </test-method> <!-- beforeClass -->
        <test-method signature="searchByCompanyName()[pri:0, instance:TestNG.DependencyTest@49dc7102]" started-at="2021-01-02T09:27:57 CET" name="searchByCompanyName" finished-at="2021-01-02T09:27:57 CET" duration-ms="2" status="PASS">
          <reporter-output>
          </reporter-output>
        </test-method> <!-- searchByCompanyName -->
        <test-method signature="stopSearchByCompanyName()[pri:0, instance:TestNG.DependencyTest@49dc7102]" started-at="2021-01-02T09:27:57 CET" name="stopSearchByCompanyName" finished-at="2021-01-02T09:27:57 CET" depends-on-methods="TestNG.DependencyTest.searchByCompanyName" duration-ms="2" status="PASS">
          <reporter-output>
          </reporter-output>
        </test-method> <!-- stopSearchByCompanyName -->
      </class> <!-- TestNG.DependencyTest -->
    </test> <!-- Default test -->
  </suite> <!-- Default suite -->
</testng-results>
